<?xml version="1.0" encoding="UTF-8"?>
<!-- Generated by org.testng.reporters.JUnitReportReporter -->
<testsuite hostname="asmahisham" failures="0" tests="10" name="MyTestCases" time="49.482" errors="0" timestamp="2024-11-10T22:09:42 GST" skipped="0">
  <testcase classname="MyTestCases" name="CheckEnglishLangIsDefault" time="0.043"/>
  <system-out/>
  <testcase classname="MyTestCases" name="CheckDefaultCurrencyIsSAR" time="2.401"/>
  <system-out/>
  <testcase classname="MyTestCases" name="CheckContactNumber" time="0.035"/>
  <system-out/>
  <testcase classname="MyTestCases" name="CheckAppleLogoIsInFooter" time="0.065"/>
  <system-out/>
  <testcase classname="MyTestCases" name="CheckHotelTabIsNotSelected" time="0.102"/>
  <system-out/>
  <testcase classname="MyTestCases" name="CheckDepartureDate" time="0.040"/>
  <system-out/>
  <testcase classname="MyTestCases" name="CheckArrivalDate" time="0.026"/>
  <system-out/>
  <testcase classname="MyTestCases" name="RandomlyChangeLang" time="43.840"/>
  <system-out/>
  <testcase classname="MyTestCases" name="CheckPageIsLoaded" time="0.039"/>
  <system-out/>
  <testcase classname="MyTestCases" name="CheckSortOption" time="2.891"/>
  <system-out/>
</testsuite> <!-- MyTestCases -->
