<?xml version="1.0" encoding="UTF-8"?>
<!-- Generated by org.testng.reporters.JUnitReportReporter -->
<testsuite hostname="asmahisham" failures="0" tests="10" name="MyTestCases" time="51.768" errors="0" timestamp="2024-11-10T16:54:29 GST" skipped="0">
  <testcase classname="MyTestCases" name="CheckEnglishLangIsDefault" time="0.041"/>
  <system-out/>
  <testcase classname="MyTestCases" name="CheckDefaultCurrencyIsSAR" time="3.506"/>
  <system-out/>
  <testcase classname="MyTestCases" name="CheckContactNumber" time="0.026"/>
  <system-out/>
  <testcase classname="MyTestCases" name="CheckAppleLogoIsInFooter" time="0.047"/>
  <system-out/>
  <testcase classname="MyTestCases" name="CheckHotelTabIsNotSelected" time="0.453"/>
  <system-out/>
  <testcase classname="MyTestCases" name="CheckDepartureDate" time="0.129"/>
  <system-out/>
  <testcase classname="MyTestCases" name="CheckArrivalDate" time="0.037"/>
  <system-out/>
  <testcase classname="MyTestCases" name="RandomlyChangeLang" time="44.641"/>
  <system-out/>
  <testcase classname="MyTestCases" name="CheckPageIsLoaded" time="0.046"/>
  <system-out/>
  <testcase classname="MyTestCases" name="CheckSortOption" time="2.842"/>
  <system-out/>
</testsuite> <!-- MyTestCases -->
