<?xml version="1.0" encoding="UTF-8"?>
<!-- Generated by org.testng.reporters.JUnitReportReporter -->
<testsuite hostname="DESKTOP-46L3BLL" failures="0" tests="10" name="MyTestCases" time="45.760" errors="0" timestamp="2024-11-08T16:34:08 GST" skipped="0">
  <testcase classname="MyTestCases" name="CheckEnglishLangIsDefault" time="0.040"/>
  <system-out/>
  <testcase classname="MyTestCases" name="CheckDefaultCurrencyIsSAR" time="0.036"/>
  <system-out/>
  <testcase classname="MyTestCases" name="CheckContactNumber" time="0.025"/>
  <system-out/>
  <testcase classname="MyTestCases" name="CheckAppleLogoIsInFooter" time="0.045"/>
  <system-out/>
  <testcase classname="MyTestCases" name="CheckHotelTabIsNotSelected" time="0.025"/>
  <system-out/>
  <testcase classname="MyTestCases" name="CheckDepartureDate" time="0.024"/>
  <system-out/>
  <testcase classname="MyTestCases" name="CheckArrivalDate" time="0.024"/>
  <system-out/>
  <testcase classname="MyTestCases" name="RandomlyChangeLang" time="42.584"/>
  <system-out/>
  <testcase classname="MyTestCases" name="CheckPageIsLoaded" time="0.063"/>
  <system-out/>
  <testcase classname="MyTestCases" name="CheckSortOption" time="2.894"/>
  <system-out/>
</testsuite> <!-- MyTestCases -->
