<?xml version="1.0" encoding="UTF-8"?>
<!-- Generated by org.testng.reporters.JUnitReportReporter -->
<testsuite hostname="DESKTOP-46L3BLL" failures="0" tests="8" name="MyTestCases" time="2.013" errors="0" timestamp="2024-10-27T11:31:46 GST" skipped="0">
  <testcase classname="MyTestCases" name="CheckEnglishLangIsDefault" time="0.044"/>
  <system-out/>
  <testcase classname="MyTestCases" name="CheckDefaultCurrencyIsSAR" time="0.033"/>
  <system-out/>
  <testcase classname="MyTestCases" name="CheckContactNumber" time="0.027"/>
  <system-out/>
  <testcase classname="MyTestCases" name="CheckAppleLogoIsInFooter" time="0.046"/>
  <system-out/>
  <testcase classname="MyTestCases" name="CheckHotelTabIsNotSelected" time="0.028"/>
  <system-out/>
  <testcase classname="MyTestCases" name="CheckDepartureDate" time="0.025"/>
  <system-out/>
  <testcase classname="MyTestCases" name="CheckArrivalDate" time="0.026"/>
  <system-out/>
  <testcase classname="MyTestCases" name="RandomlyChangeLang" time="1.784"/>
  <system-out/>
</testsuite> <!-- MyTestCases -->
