<?xml version="1.0" encoding="UTF-8"?>
<!-- Generated by org.testng.reporters.JUnitReportReporter -->
<testsuite hostname="asmahisham" failures="0" tests="10" name="MyTestCases" time="65.713" errors="0" timestamp="2024-11-12T16:28:54 GST" skipped="0">
  <testcase classname="MyTestCases" name="CheckEnglishLangIsDefault" time="3.364"/>
  <system-out/>
  <testcase classname="MyTestCases" name="CheckDefaultCurrencyIsSAR" time="4.583"/>
  <system-out/>
  <testcase classname="MyTestCases" name="CheckContactNumber" time="0.031"/>
  <system-out/>
  <testcase classname="MyTestCases" name="CheckAppleLogoIsInFooter" time="0.048"/>
  <system-out/>
  <testcase classname="MyTestCases" name="CheckHotelTabIsNotSelected" time="0.031"/>
  <system-out/>
  <testcase classname="MyTestCases" name="CheckDepartureDate" time="0.027"/>
  <system-out/>
  <testcase classname="MyTestCases" name="CheckArrivalDate" time="0.026"/>
  <system-out/>
  <testcase classname="MyTestCases" name="RandomlyChangeLang" time="54.726"/>
  <system-out/>
  <testcase classname="MyTestCases" name="CheckPageIsLoaded" time="0.035"/>
  <system-out/>
  <testcase classname="MyTestCases" name="CheckSortOption" time="2.842"/>
  <system-out/>
</testsuite> <!-- MyTestCases -->
