<?xml version="1.0" encoding="UTF-8"?>
<!-- Generated by org.testng.reporters.JUnitReportReporter -->
<testsuite hostname="DESKTOP-46L3BLL" failures="0" tests="10" name="MyTestCases" time="66.097" errors="0" timestamp="2024-10-28T12:19:44 GST" skipped="0">
  <testcase classname="MyTestCases" name="CheckEnglishLangIsDefault" time="0.080"/>
  <system-out/>
  <testcase classname="MyTestCases" name="CheckDefaultCurrencyIsSAR" time="0.061"/>
  <system-out/>
  <testcase classname="MyTestCases" name="CheckContactNumber" time="0.048"/>
  <system-out/>
  <testcase classname="MyTestCases" name="CheckAppleLogoIsInFooter" time="0.087"/>
  <system-out/>
  <testcase classname="MyTestCases" name="CheckHotelTabIsNotSelected" time="0.059"/>
  <system-out/>
  <testcase classname="MyTestCases" name="CheckDepartureDate" time="0.046"/>
  <system-out/>
  <testcase classname="MyTestCases" name="CheckArrivalDate" time="0.047"/>
  <system-out/>
  <testcase classname="MyTestCases" name="RandomlyChangeLang" time="53.518"/>
  <system-out/>
  <testcase classname="MyTestCases" name="CheckPageIsLoaded" time="0.086"/>
  <system-out/>
  <testcase classname="MyTestCases" name="CheckSortOption" time="12.065"/>
  <system-out/>
</testsuite> <!-- MyTestCases -->
